#
# A fatal error has been detected by the Java Runtime Environment:
#
#  EXCEPTION_ACCESS_VIOLATION (0xc0000005) at pc=0x0000000067e88f6c, pid=5068, tid=0x0000000000001144
#
# JRE version: OpenJDK Runtime Environment (8.0) (build 1.8.0-25-microsoft-b00)
# Java VM: OpenJDK 64-Bit Server VM (25.71-b00 mixed mode windows-amd64 compressed oops)
# Problematic frame:
# V  [jvm.dll+0x488f6c]
#
# Failed to write core dump. Minidumps are not enabled by default on client versions of Windows
#
# If you would like to submit a bug report, please visit:
#   http://bugreport.java.com/bugreport/crash.jsp
#

---------------  T H R E A D  ---------------

Current thread (0x0000000014853800):  JavaThread "C2 CompilerThread0" daemon [_thread_in_native, id=4420, stack(0x0000000015890000,0x0000000015990000)]

siginfo: ExceptionCode=0xc0000005, reading address 0x0000000000000028

Registers:
RAX=0x000000001598c6a0, RBX=0x0000000000000005, RCX=0x0000000000000000, RDX=0x0000000004000020
RSP=0x000000001598c300, RBP=0x00000000168d3b60, RSI=0x0000000000000010, RDI=0x000000001598c480
R8 =0x0000000000000020, R9 =0x0000000016131d80, R10=0x00000000681c9650, R11=0x0000000067a00000
R12=0x00000000164946a0, R13=0x0000000000000036, R14=0x00000000167690e8, R15=0x000000001638b800
RIP=0x0000000067e88f6c, EFLAGS=0x0000000000010206

Top of Stack: (sp=0x000000001598c300)
0x000000001598c300:   0000000000000f61 0000000000000080
0x000000001598c310:   00000000168d3cd0 0000000000000000
0x000000001598c320:   00000000000010a0 00000000024b8960
0x000000001598c330:   0000000016c6a7a0 0000000000219320
0x000000001598c340:   0000000016c6c7f0 0000000016c72788
0x000000001598c350:   000000006803ae18 00000000024b8960
0x000000001598c360:   0000000000000020 00000000161ceb30
0x000000001598c370:   000000001598c440 00000000000003d8
0x000000001598c380:   0000000014874fb8 0000000014874be0
0x000000001598c390:   0000000000000000 0000000014874bd0
0x000000001598c3a0:   000000001598c4c0 000000001598c730
0x000000001598c3b0:   000000001598c840 0000000067e36ce8
0x000000001598c3c0:   0000000000000003 0000000000000004
0x000000001598c3d0:   0000000000000215 0000000000000018
0x000000001598c3e0:   0000000000000006 0000000014874bd0
0x000000001598c3f0:   000000001612e370 0000000016132340 

Instructions: (pc=0x0000000067e88f6c)
0x0000000067e88f4c:   46 18 83 f8 01 0f 86 96 00 00 00 be 08 00 00 00
0x0000000067e88f5c:   44 8d 68 ff 49 8b 46 08 48 8b 0c 06 48 8b 47 38
0x0000000067e88f6c:   8b 51 28 48 8b 48 68 4c 39 24 d1 74 67 48 8b 47
0x0000000067e88f7c:   40 48 63 d2 48 8b 48 18 8b 1c 91 85 db 74 55 48 


Register to memory mapping:

RAX=0x000000001598c6a0 is pointing into the stack for thread: 0x0000000014853800
RBX=0x0000000000000005 is an unknown value
RCX=0x0000000000000000 is an unknown value
RDX=0x0000000004000020 is an unknown value
RSP=0x000000001598c300 is pointing into the stack for thread: 0x0000000014853800
RBP=0x00000000168d3b60 is an unknown value
RSI=0x0000000000000010 is an unknown value
RDI=0x000000001598c480 is pointing into the stack for thread: 0x0000000014853800
R8 =0x0000000000000020 is an unknown value
R9 =0x0000000016131d80 is an unknown value
R10=0x00000000681c9650 is an unknown value
R11=0x0000000067a00000 is an unknown value
R12=0x00000000164946a0 is an unknown value
R13=0x0000000000000036 is an unknown value
R14=0x00000000167690e8 is an unknown value
R15=0x000000001638b800 is an unknown value


Stack: [0x0000000015890000,0x0000000015990000],  sp=0x000000001598c300,  free space=1008k
Native frames: (J=compiled Java code, j=interpreted, Vv=VM code, C=native code)
V  [jvm.dll+0x488f6c]
V  [jvm.dll+0x436ce8]
V  [jvm.dll+0x4418cb]
V  [jvm.dll+0x4441c8]
V  [jvm.dll+0x427302]
V  [jvm.dll+0x8205f]
V  [jvm.dll+0x829bf]
V  [jvm.dll+0x21ddef]
V  [jvm.dll+0x26f65a]
C  [MSVCR100.dll+0x21db7]
C  [MSVCR100.dll+0x21e53]
C  [KERNEL32.DLL+0x181f4]
C  [ntdll.dll+0x6a251]


Current CompileTask:
C2:   5838 2835       4       com.sun.tools.javac.code.Types::closure (153 bytes)


---------------  P R O C E S S  ---------------

Java Threads: ( => current thread )
  0x00000000148cf000 JavaThread "Service Thread" daemon [_thread_blocked, id=7472, stack(0x0000000015a90000,0x0000000015b90000)]
  0x0000000014861000 JavaThread "C1 CompilerThread1" daemon [_thread_blocked, id=784, stack(0x0000000015990000,0x0000000015a90000)]
=>0x0000000014853800 JavaThread "C2 CompilerThread0" daemon [_thread_in_native, id=4420, stack(0x0000000015890000,0x0000000015990000)]
  0x000000001484f000 JavaThread "Attach Listener" daemon [_thread_blocked, id=4712, stack(0x0000000015790000,0x0000000015890000)]
  0x000000001484d800 JavaThread "Signal Dispatcher" daemon [_thread_blocked, id=10140, stack(0x0000000015690000,0x0000000015790000)]
  0x00000000024b7000 JavaThread "Finalizer" daemon [_thread_blocked, id=9312, stack(0x0000000015490000,0x0000000015590000)]
  0x0000000014837000 JavaThread "Reference Handler" daemon [_thread_blocked, id=5392, stack(0x0000000015390000,0x0000000015490000)]
  0x000000000093e800 JavaThread "main" [_thread_in_Java, id=1992, stack(0x00000000021e0000,0x00000000022e0000)]

Other Threads:
  0x0000000014815800 VMThread [stack: 0x0000000015290000,0x0000000015390000] [id=8564]
  0x00000000148d4000 WatcherThread [stack: 0x0000000015b90000,0x0000000015c90000] [id=6304]

VM state:not at safepoint (normal execution)

VM Mutex/Monitor currently owned by a thread: None

heap address: 0x00000000c1c00000, size: 996 MB, Compressed Oops mode: 32-bit
Narrow klass base: 0x0000000000000000, Narrow klass shift: 3
Compressed class space size: 1073741824 Address: 0x0000000100000000

Heap:
 PSYoungGen      total 38400K, used 24388K [0x00000000eb400000, 0x00000000eec00000, 0x0000000100000000)
  eden space 25600K, 55% used [0x00000000eb400000,0x00000000ec1f8488,0x00000000ecd00000)
  from space 12800K, 78% used [0x00000000ecd00000,0x00000000ed6d8d28,0x00000000ed980000)
  to   space 13824K, 0% used [0x00000000ede80000,0x00000000ede80000,0x00000000eec00000)
 ParOldGen       total 35328K, used 22130K [0x00000000c1c00000, 0x00000000c3e80000, 0x00000000eb400000)
  object space 35328K, 62% used [0x00000000c1c00000,0x00000000c319c910,0x00000000c3e80000)
 Metaspace       used 9873K, capacity 10420K, committed 10496K, reserved 1058816K
  class space    used 970K, capacity 1008K, committed 1024K, reserved 1048576K

Card table byte_map: [0x0000000011880000,0x0000000011a80000] byte_map_base: 0x0000000011272000

Marking Bits: (ParMarkBitMap*) 0x00000000681c8f30
 Begin Bits: [0x0000000011dd0000, 0x0000000012d60000)
 End Bits:   [0x0000000012d60000, 0x0000000013cf0000)

Polling page: 0x0000000000950000

CodeCache: size=245760Kb used=11820Kb max_used=11820Kb free=233939Kb
 bounds [0x00000000024c0000, 0x0000000003060000, 0x00000000114c0000]
 total_blobs=3177 nmethods=2880 adapters=211
 compilation: enabled

Compilation events (10 events):
Event: 5.719 Thread 0x0000000014861000 2878       2       com.sun.tools.javac.comp.Check::checkAllDefined (79 bytes)
Event: 5.720 Thread 0x0000000014861000 nmethod 2878 0x0000000003046110 code [0x0000000003046320, 0x0000000003046ac8]
Event: 5.721 Thread 0x0000000014861000 2879 %     3       com.sun.tools.javac.code.Types::unboxedType @ 9 (71 bytes)
Event: 5.722 Thread 0x0000000014861000 nmethod 2879% 0x00000000030472d0 code [0x00000000030474c0, 0x0000000003047ea8]
Event: 5.722 Thread 0x0000000014861000 2880       3       com.sun.tools.javac.code.Types::unboxedType (71 bytes)
Event: 5.723 Thread 0x0000000014861000 nmethod 2880 0x0000000003048410 code [0x0000000003048600, 0x0000000003048f48]
Event: 5.745 Thread 0x0000000014861000 2881       2       com.sun.tools.javac.tree.TreeMaker::MethodDef (79 bytes)
Event: 5.745 Thread 0x0000000014861000 nmethod 2881 0x0000000003049450 code [0x0000000003049640, 0x0000000003049b08]
Event: 5.745 Thread 0x0000000014861000 2882       2       com.sun.tools.javac.tree.TreeMaker::Types (46 bytes)
Event: 5.746 Thread 0x0000000014861000 nmethod 2882 0x0000000003049e90 code [0x000000000304a020, 0x000000000304a318]

GC Heap History (10 events):
Event: 2.379 GC heap before
{Heap before GC invocations=12 (full 2):
 PSYoungGen      total 27648K, used 23535K [0x00000000eb400000, 0x00000000edf00000, 0x0000000100000000)
  eden space 21504K, 100% used [0x00000000eb400000,0x00000000ec900000,0x00000000ec900000)
  from space 6144K, 33% used [0x00000000ec900000,0x00000000ecafbf68,0x00000000ecf00000)
  to   space 10240K, 0% used [0x00000000ed500000,0x00000000ed500000,0x00000000edf00000)
 ParOldGen       total 21504K, used 12527K [0x00000000c1c00000, 0x00000000c3100000, 0x00000000eb400000)
  object space 21504K, 58% used [0x00000000c1c00000,0x00000000c283bce8,0x00000000c3100000)
 Metaspace       used 8063K, capacity 8852K, committed 9216K, reserved 1056768K
  class space    used 880K, capacity 912K, committed 1024K, reserved 1048576K
Event: 2.399 GC heap after
Heap after GC invocations=12 (full 2):
 PSYoungGen      total 31744K, used 10214K [0x00000000eb400000, 0x00000000ee700000, 0x0000000100000000)
  eden space 21504K, 0% used [0x00000000eb400000,0x00000000eb400000,0x00000000ec900000)
  from space 10240K, 99% used [0x00000000ed500000,0x00000000edef9ae0,0x00000000edf00000)
  to   space 12288K, 0% used [0x00000000ec900000,0x00000000ec900000,0x00000000ed500000)
 ParOldGen       total 21504K, used 13623K [0x00000000c1c00000, 0x00000000c3100000, 0x00000000eb400000)
  object space 21504K, 63% used [0x00000000c1c00000,0x00000000c294dcf8,0x00000000c3100000)
 Metaspace       used 8063K, capacity 8852K, committed 9216K, reserved 1056768K
  class space    used 880K, capacity 912K, committed 1024K, reserved 1048576K
}
Event: 2.978 GC heap before
{Heap before GC invocations=13 (full 2):
 PSYoungGen      total 31744K, used 31718K [0x00000000eb400000, 0x00000000ee700000, 0x0000000100000000)
  eden space 21504K, 100% used [0x00000000eb400000,0x00000000ec900000,0x00000000ec900000)
  from space 10240K, 99% used [0x00000000ed500000,0x00000000edef9ae0,0x00000000edf00000)
  to   space 12288K, 0% used [0x00000000ec900000,0x00000000ec900000,0x00000000ed500000)
 ParOldGen       total 21504K, used 13623K [0x00000000c1c00000, 0x00000000c3100000, 0x00000000eb400000)
  object space 21504K, 63% used [0x00000000c1c00000,0x00000000c294dcf8,0x00000000c3100000)
 Metaspace       used 9031K, capacity 9716K, committed 9984K, reserved 1058816K
  class space    used 969K, capacity 1008K, committed 1024K, reserved 1048576K
Event: 2.998 GC heap after
Heap after GC invocations=13 (full 2):
 PSYoungGen      total 33792K, used 6190K [0x00000000eb400000, 0x00000000ee680000, 0x0000000100000000)
  eden space 21504K, 0% used [0x00000000eb400000,0x00000000eb400000,0x00000000ec900000)
  from space 12288K, 50% used [0x00000000ec900000,0x00000000ecf0b890,0x00000000ed500000)
  to   space 12288K, 0% used [0x00000000eda80000,0x00000000eda80000,0x00000000ee680000)
 ParOldGen       total 22528K, used 21957K [0x00000000c1c00000, 0x00000000c3200000, 0x00000000eb400000)
  object space 22528K, 97% used [0x00000000c1c00000,0x00000000c31715e8,0x00000000c3200000)
 Metaspace       used 9031K, capacity 9716K, committed 9984K, reserved 1058816K
  class space    used 969K, capacity 1008K, committed 1024K, reserved 1048576K
}
Event: 2.998 GC heap before
{Heap before GC invocations=14 (full 3):
 PSYoungGen      total 33792K, used 6190K [0x00000000eb400000, 0x00000000ee680000, 0x0000000100000000)
  eden space 21504K, 0% used [0x00000000eb400000,0x00000000eb400000,0x00000000ec900000)
  from space 12288K, 50% used [0x00000000ec900000,0x00000000ecf0b890,0x00000000ed500000)
  to   space 12288K, 0% used [0x00000000eda80000,0x00000000eda80000,0x00000000ee680000)
 ParOldGen       total 22528K, used 21957K [0x00000000c1c00000, 0x00000000c3200000, 0x00000000eb400000)
  object space 22528K, 97% used [0x00000000c1c00000,0x00000000c31715e8,0x00000000c3200000)
 Metaspace       used 9031K, capacity 9716K, committed 9984K, reserved 1058816K
  class space    used 969K, capacity 1008K, committed 1024K, reserved 1048576K
Event: 3.187 GC heap after
Heap after GC invocations=14 (full 3):
 PSYoungGen      total 33792K, used 4865K [0x00000000eb400000, 0x00000000ee680000, 0x0000000100000000)
  eden space 21504K, 0% used [0x00000000eb400000,0x00000000eb400000,0x00000000ec900000)
  from space 12288K, 39% used [0x00000000ec900000,0x00000000ecdc0768,0x00000000ed500000)
  to   space 12288K, 0% used [0x00000000eda80000,0x00000000eda80000,0x00000000ee680000)
 ParOldGen       total 35328K, used 22122K [0x00000000c1c00000, 0x00000000c3e80000, 0x00000000eb400000)
  object space 35328K, 62% used [0x00000000c1c00000,0x00000000c319a910,0x00000000c3e80000)
 Metaspace       used 9031K, capacity 9716K, committed 9984K, reserved 1058816K
  class space    used 969K, capacity 1008K, committed 1024K, reserved 1048576K
}
Event: 4.582 GC heap before
{Heap before GC invocations=15 (full 3):
 PSYoungGen      total 33792K, used 26369K [0x00000000eb400000, 0x00000000ee680000, 0x0000000100000000)
  eden space 21504K, 100% used [0x00000000eb400000,0x00000000ec900000,0x00000000ec900000)
  from space 12288K, 39% used [0x00000000ec900000,0x00000000ecdc0768,0x00000000ed500000)
  to   space 12288K, 0% used [0x00000000eda80000,0x00000000eda80000,0x00000000ee680000)
 ParOldGen       total 35328K, used 22122K [0x00000000c1c00000, 0x00000000c3e80000, 0x00000000eb400000)
  object space 35328K, 62% used [0x00000000c1c00000,0x00000000c319a910,0x00000000c3e80000)
 Metaspace       used 9674K, capacity 10292K, committed 10496K, reserved 1058816K
  class space    used 970K, capacity 1008K, committed 1024K, reserved 1048576K
Event: 4.614 GC heap after
Heap after GC invocations=15 (full 3):
 PSYoungGen      total 37376K, used 7363K [0x00000000eb400000, 0x00000000ee600000, 0x0000000100000000)
  eden space 25600K, 0% used [0x00000000eb400000,0x00000000eb400000,0x00000000ecd00000)
  from space 11776K, 62% used [0x00000000eda80000,0x00000000ee1b0c08,0x00000000ee600000)
  to   space 12800K, 0% used [0x00000000ecd00000,0x00000000ecd00000,0x00000000ed980000)
 ParOldGen       total 35328K, used 22122K [0x00000000c1c00000, 0x00000000c3e80000, 0x00000000eb400000)
  object space 35328K, 62% used [0x00000000c1c00000,0x00000000c319a910,0x00000000c3e80000)
 Metaspace       used 9674K, capacity 10292K, committed 10496K, reserved 1058816K
  class space    used 970K, capacity 1008K, committed 1024K, reserved 1048576K
}
Event: 5.559 GC heap before
{Heap before GC invocations=16 (full 3):
 PSYoungGen      total 37376K, used 32963K [0x00000000eb400000, 0x00000000ee600000, 0x0000000100000000)
  eden space 25600K, 100% used [0x00000000eb400000,0x00000000ecd00000,0x00000000ecd00000)
  from space 11776K, 62% used [0x00000000eda80000,0x00000000ee1b0c08,0x00000000ee600000)
  to   space 12800K, 0% used [0x00000000ecd00000,0x00000000ecd00000,0x00000000ed980000)
 ParOldGen       total 35328K, used 22122K [0x00000000c1c00000, 0x00000000c3e80000, 0x00000000eb400000)
  object space 35328K, 62% used [0x00000000c1c00000,0x00000000c319a910,0x00000000c3e80000)
 Metaspace       used 9839K, capacity 10420K, committed 10496K, reserved 1058816K
  class space    used 970K, capacity 1008K, committed 1024K, reserved 1048576K
Event: 5.576 GC heap after
Heap after GC invocations=16 (full 3):
 PSYoungGen      total 38400K, used 10083K [0x00000000eb400000, 0x00000000eec00000, 0x0000000100000000)
  eden space 25600K, 0% used [0x00000000eb400000,0x00000000eb400000,0x00000000ecd00000)
  from space 12800K, 78% used [0x00000000ecd00000,0x00000000ed6d8d28,0x00000000ed980000)
  to   space 13824K, 0% used [0x00000000ede80000,0x00000000ede80000,0x00000000eec00000)
 ParOldGen       total 35328K, used 22130K [0x00000000c1c00000, 0x00000000c3e80000, 0x00000000eb400000)
  object space 35328K, 62% used [0x00000000c1c00000,0x00000000c319c910,0x00000000c3e80000)
 Metaspace       used 9839K, capacity 10420K, committed 10496K, reserved 1058816K
  class space    used 970K, capacity 1008K, committed 1024K, reserved 1048576K
}

Deoptimization events (10 events):
Event: 5.121 Thread 0x000000000093e800 Uncommon trap: reason=class_check action=maybe_recompile pc=0x0000000002f40fbc method=com.sun.tools.javac.code.Types.resultSubtype(Lcom/sun/tools/javac/code/Type;Lcom/sun/tools/javac/code/Type;Lcom/sun/tools/javac/util/Warner;)Z @ 1
Event: 5.215 Thread 0x000000000093e800 Uncommon trap: reason=class_check action=maybe_recompile pc=0x0000000002b8bbd0 method=com.sun.tools.javac.comp.Check.checkDeprecated(Lcom/sun/tools/javac/util/JCDiagnostic$DiagnosticPosition;Lcom/sun/tools/javac/code/Symbol;Lcom/sun/tools/javac/code/Symbo
Event: 5.215 Thread 0x000000000093e800 Uncommon trap: reason=class_check action=maybe_recompile pc=0x0000000002b8bbd0 method=com.sun.tools.javac.comp.Check.checkDeprecated(Lcom/sun/tools/javac/util/JCDiagnostic$DiagnosticPosition;Lcom/sun/tools/javac/code/Symbol;Lcom/sun/tools/javac/code/Symbo
Event: 5.277 Thread 0x000000000093e800 Uncommon trap: reason=class_check action=maybe_recompile pc=0x0000000002b8bbd0 method=com.sun.tools.javac.comp.Check.checkDeprecated(Lcom/sun/tools/javac/util/JCDiagnostic$DiagnosticPosition;Lcom/sun/tools/javac/code/Symbol;Lcom/sun/tools/javac/code/Symbo
Event: 5.277 Thread 0x000000000093e800 Uncommon trap: reason=class_check action=maybe_recompile pc=0x0000000002b8bbd0 method=com.sun.tools.javac.comp.Check.checkDeprecated(Lcom/sun/tools/javac/util/JCDiagnostic$DiagnosticPosition;Lcom/sun/tools/javac/code/Symbol;Lcom/sun/tools/javac/code/Symbo
Event: 5.304 Thread 0x000000000093e800 Uncommon trap: reason=bimorphic action=maybe_recompile pc=0x0000000002c92dd8 method=com.sun.tools.javac.code.Type$ClassType.isErroneous()Z @ 1
Event: 5.314 Thread 0x000000000093e800 Uncommon trap: reason=bimorphic action=maybe_recompile pc=0x0000000002c92dd8 method=com.sun.tools.javac.code.Type$ClassType.isErroneous()Z @ 1
Event: 5.316 Thread 0x000000000093e800 Uncommon trap: reason=bimorphic action=maybe_recompile pc=0x0000000002c92dd8 method=com.sun.tools.javac.code.Type$ClassType.isErroneous()Z @ 1
Event: 5.380 Thread 0x000000000093e800 Uncommon trap: reason=class_check action=maybe_recompile pc=0x0000000002d5e298 method=com.sun.tools.javac.code.Types.rank(Lcom/sun/tools/javac/code/Type;)I @ 1
Event: 5.513 Thread 0x000000000093e800 Uncommon trap: reason=unstable_if action=reinterpret pc=0x0000000002d9ee98 method=com.sun.tools.javac.code.Symbol.hiddenInInternal(Lcom/sun/tools/javac/code/Symbol$ClassSymbol;Lcom/sun/tools/javac/code/Types;)Lcom/sun/tools/javac/code/Symbol; @ 65

Classes redefined (0 events):
No events

Internal exceptions (10 events):
Event: 0.033 Thread 0x000000000093e800 Exception <a 'java/lang/NoSuchMethodError': Method sun.misc.Unsafe.defineClass(Ljava/lang/String;[BII)Ljava/lang/Class; name or signature does not match> (0x00000000eb407cd8) thrown at [D:\j\worksp~1\openjd~3\jdk8u\hotspot\src\share\vm\prims\jni.cpp, line
Event: 0.033 Thread 0x000000000093e800 Exception <a 'java/lang/NoSuchMethodError': Method sun.misc.Unsafe.prefetchRead(Ljava/lang/Object;J)V name or signature does not match> (0x00000000eb407fc0) thrown at [D:\j\worksp~1\openjd~3\jdk8u\hotspot\src\share\vm\prims\jni.cpp, line 4012]
Event: 0.156 Thread 0x000000000093e800 Exception <a 'java/security/PrivilegedActionException'> (0x00000000eb575130) thrown at [D:\j\worksp~1\openjd~3\jdk8u\hotspot\src\share\vm\prims\jvm.cpp, line 1508]
Event: 0.156 Thread 0x000000000093e800 Exception <a 'java/security/PrivilegedActionException'> (0x00000000eb575528) thrown at [D:\j\worksp~1\openjd~3\jdk8u\hotspot\src\share\vm\prims\jvm.cpp, line 1508]
Event: 0.157 Thread 0x000000000093e800 Exception <a 'java/security/PrivilegedActionException'> (0x00000000eb579a30) thrown at [D:\j\worksp~1\openjd~3\jdk8u\hotspot\src\share\vm\prims\jvm.cpp, line 1508]
Event: 0.157 Thread 0x000000000093e800 Exception <a 'java/security/PrivilegedActionException'> (0x00000000eb579e28) thrown at [D:\j\worksp~1\openjd~3\jdk8u\hotspot\src\share\vm\prims\jvm.cpp, line 1508]
Event: 0.157 Thread 0x000000000093e800 Exception <a 'java/security/PrivilegedActionException'> (0x00000000eb57b750) thrown at [D:\j\worksp~1\openjd~3\jdk8u\hotspot\src\share\vm\prims\jvm.cpp, line 1508]
Event: 0.157 Thread 0x000000000093e800 Exception <a 'java/security/PrivilegedActionException'> (0x00000000eb57bb48) thrown at [D:\j\worksp~1\openjd~3\jdk8u\hotspot\src\share\vm\prims\jvm.cpp, line 1508]
Event: 0.166 Thread 0x000000000093e800 Exception <a 'java/security/PrivilegedActionException'> (0x00000000eb4092d0) thrown at [D:\j\worksp~1\openjd~3\jdk8u\hotspot\src\share\vm\prims\jvm.cpp, line 1508]
Event: 0.166 Thread 0x000000000093e800 Exception <a 'java/security/PrivilegedActionException'> (0x00000000eb4326a8) thrown at [D:\j\worksp~1\openjd~3\jdk8u\hotspot\src\share\vm\prims\jvm.cpp, line 1508]

Events (10 events):
Event: 5.579 Executing VM operation: RevokeBias done
Event: 5.579 Executing VM operation: BulkRevokeBias
Event: 5.579 Executing VM operation: BulkRevokeBias done
Event: 5.586 Thread 0x0000000014861000 flushing nmethod 0x00000000025bfa90
Event: 5.586 Thread 0x0000000014861000 flushing nmethod 0x00000000025bfdd0
Event: 5.586 Thread 0x0000000014861000 flushing nmethod 0x00000000025c1ed0
Event: 5.586 Thread 0x0000000014861000 flushing nmethod 0x00000000025c2290
Event: 5.586 Thread 0x0000000014861000 flushing nmethod 0x00000000025c31d0
Event: 5.723 Thread 0x000000000093e800 DEOPT PACKING pc=0x0000000002ec9a16 sp=0x00000000022dddf0
Event: 5.723 Thread 0x000000000093e800 DEOPT UNPACKING pc=0x00000000025071d0 sp=0x00000000022ddb70 mode 0


Dynamic libraries:
0x00007ff6610e0000 - 0x00007ff6610e7000 	C:\Program Files\Android\Jdk\microsoft_dist_openjdk_1.8.0.25\bin\javac.exe
0x00007ff927350000 - 0x00007ff92753d000 	C:\Windows\SYSTEM32\ntdll.dll
0x00007ff9270b0000 - 0x00007ff927163000 	C:\Windows\System32\KERNEL32.DLL
0x00007ff9236f0000 - 0x00007ff923983000 	C:\Windows\System32\KERNELBASE.dll
0x00007ff919e80000 - 0x00007ff919eaf000 	C:\Program Files\Android\Jdk\microsoft_dist_openjdk_1.8.0.25\bin\jli.dll
0x0000000067520000 - 0x00000000675f1000 	C:\Program Files\Android\Jdk\microsoft_dist_openjdk_1.8.0.25\bin\MSVCR100.dll
0x00007ff926970000 - 0x00007ff926a13000 	C:\Windows\System32\ADVAPI32.dll
0x00007ff9264b0000 - 0x00007ff92654e000 	C:\Windows\System32\msvcrt.dll
0x00007ff926550000 - 0x00007ff9265ee000 	C:\Windows\System32\sechost.dll
0x00007ff926a80000 - 0x00007ff926ba2000 	C:\Windows\System32\RPCRT4.dll
0x00007ff926d70000 - 0x00007ff926f07000 	C:\Windows\System32\USER32.dll
0x00007ff9235c0000 - 0x00007ff9235e0000 	C:\Windows\System32\win32u.dll
0x00007ff926940000 - 0x00007ff926969000 	C:\Windows\System32\GDI32.dll
0x00007ff923420000 - 0x00007ff9235ba000 	C:\Windows\System32\gdi32full.dll
0x00007ff9240e0000 - 0x00007ff924180000 	C:\Windows\System32\msvcp_win.dll
0x00007ff924230000 - 0x00007ff92432a000 	C:\Windows\System32\ucrtbase.dll
0x00007ff916320000 - 0x00007ff916599000 	C:\Windows\WinSxS\amd64_microsoft.windows.common-controls_6595b64144ccf1df_6.0.17763.379_none_05b83be8071c94a1\COMCTL32.dll
0x00007ff926180000 - 0x00007ff9264ad000 	C:\Windows\System32\combase.dll
0x00007ff9235e0000 - 0x00007ff92365e000 	C:\Windows\System32\bcryptPrimitives.dll
0x00007ff926910000 - 0x00007ff92693e000 	C:\Windows\System32\IMM32.DLL
0x0000000068250000 - 0x0000000068321000 	C:\Program Files\Android\Jdk\microsoft_dist_openjdk_1.8.0.25\jre\bin\msvcr100.dll
0x0000000067a00000 - 0x0000000068245000 	C:\Program Files\Android\Jdk\microsoft_dist_openjdk_1.8.0.25\jre\bin\server\jvm.dll
0x00007ff9260f0000 - 0x00007ff9260f8000 	C:\Windows\System32\PSAPI.DLL
0x00007ff91c350000 - 0x00007ff91c359000 	C:\Windows\SYSTEM32\WSOCK32.dll
0x00007ff921600000 - 0x00007ff921624000 	C:\Windows\SYSTEM32\WINMM.dll
0x00007ff926110000 - 0x00007ff92617d000 	C:\Windows\System32\WS2_32.dll
0x00007ff91aa80000 - 0x00007ff91aa8a000 	C:\Windows\SYSTEM32\VERSION.dll
0x00007ff9215d0000 - 0x00007ff9215fd000 	C:\Windows\SYSTEM32\WINMMBASE.dll
0x00007ff924530000 - 0x00007ff92457a000 	C:\Windows\System32\cfgmgr32.dll
0x00007ff91c340000 - 0x00007ff91c34f000 	C:\Program Files\Android\Jdk\microsoft_dist_openjdk_1.8.0.25\jre\bin\verify.dll
0x00007ff91c310000 - 0x00007ff91c339000 	C:\Program Files\Android\Jdk\microsoft_dist_openjdk_1.8.0.25\jre\bin\java.dll
0x00007ff91c2f0000 - 0x00007ff91c306000 	C:\Program Files\Android\Jdk\microsoft_dist_openjdk_1.8.0.25\jre\bin\zip.dll
0x00007ff924b30000 - 0x00007ff926020000 	C:\Windows\System32\SHELL32.dll
0x00007ff924580000 - 0x00007ff924628000 	C:\Windows\System32\shcore.dll
0x00007ff923990000 - 0x00007ff9240da000 	C:\Windows\System32\windows.storage.dll
0x00007ff923350000 - 0x00007ff923374000 	C:\Windows\System32\profapi.dll
0x00007ff9233a0000 - 0x00007ff9233fd000 	C:\Windows\System32\powrprof.dll
0x00007ff926d10000 - 0x00007ff926d62000 	C:\Windows\System32\shlwapi.dll
0x00007ff923400000 - 0x00007ff923411000 	C:\Windows\System32\kernel.appcore.dll
0x00007ff924510000 - 0x00007ff924527000 	C:\Windows\System32\cryptsp.dll
0x00007ff91bae0000 - 0x00007ff91bccd000 	C:\Windows\SYSTEM32\dbghelp.dll

VM Arguments:
jvm_args: -Dapplication.home=C:\Program Files\Android\Jdk\microsoft_dist_openjdk_1.8.0.25 -Xms8m -Dfile.encoding=UTF8 
java_command: com.sun.tools.javac.Main @C:\Users\MadCoder\AppData\Local\Temp\tmp8AEE.tmp -target 1.8 -source 1.8
java_class_path (initial): C:\Program Files\Android\Jdk\microsoft_dist_openjdk_1.8.0.25/lib/tools.jar;C:\Program Files\Android\Jdk\microsoft_dist_openjdk_1.8.0.25/classes
Launcher Type: SUN_STANDARD

Environment Variables:
PATH=C:\Program Files\Android\Jdk\microsoft_dist_openjdk_1.8.0.25\bin;C:\Windows\system32;C:\Windows;C:\Windows\System32\Wbem;C:\Windows\System32\WindowsPowerShell\v1.0\;C:\Windows\System32\OpenSSH\;C:\Program Files\dotnet\;C:\Program Files\Microsoft SQL Server\130\Tools\Binn\;C:\Program Files\Microsoft SQL Server\Client SDK\ODBC\170\Tools\Binn\;C:\Program Files (x86)\NVIDIA Corporation\PhysX\Common;C:\Program Files\Git\cmd;C:\Program Files (x86)\Microsoft SQL Server\150\Tools\Binn\;C:\Program Files\Microsoft SQL Server\150\Tools\Binn\;C:\Program Files\Microsoft SQL Server\150\DTS\Binn\;C:\Program Files (x86)\Microsoft SQL Server\150\DTS\Binn\;C:\Users\MadCoder\AppData\Local\Microsoft\WindowsApps;C:\Users\MadCoder\.dotnet\tools;C:\Program Files (x86)\GitHub CLI\
USERNAME=MadCoder
OS=Windows_NT
PROCESSOR_IDENTIFIER=Intel64 Family 6 Model 42 Stepping 7, GenuineIntel



---------------  S Y S T E M  ---------------

OS: Windows 10.0 , 64 bit Build 17763 (10.0.17763.379)

CPU:total 2 (initial active 2) (2 cores per cpu, 1 threads per core) family 6 model 42 stepping 7, cmov, cx8, fxsr, mmx, sse, sse2, sse3, ssse3, sse4.1, sse4.2, popcnt, clmul, tsc, tscinvbit

Memory: 4k page, physical 4073840k(790028k free), swap 6083952k(1330316k free)

vm_info: OpenJDK 64-Bit Server VM (25.71-b00) for windows-amd64 JRE (1.8.0-25-microsoft-b00), built on Feb  7 2019 20:09:14 by "builder" with MS VC++ 10.0 (VS2010)

time: Thu Oct 15 15:24:21 2020
timezone: Bangladesh Standard Time
elapsed time: 5 seconds (0d 0h 0m 5s)

