#
# There is insufficient memory for the Java Runtime Environment to continue.
# Native memory allocation (malloc) failed to allocate 1276656 bytes for Chunk::new
# Possible reasons:
#   The system is out of physical RAM or swap space
#   The process is running with CompressedOops enabled, and the Java Heap may be blocking the growth of the native heap
# Possible solutions:
#   Reduce memory load on the system
#   Increase physical memory or swap space
#   Check if swap backing store is full
#   Decrease Java heap size (-Xmx/-Xms)
#   Decrease number of Java threads
#   Decrease Java thread stack sizes (-Xss)
#   Set larger code cache with -XX:ReservedCodeCacheSize=
#   JVM is running with Unscaled Compressed Oops mode in which the Java heap is
#     placed in the first 4GB address space. The Java Heap base address is the
#     maximum limit for the native heap growth. Please use -XX:HeapBaseMinAddress
#     to set the Java Heap base and to place the Java Heap above 4GB virtual address.
# This output file may be truncated or incomplete.
#
#  Out of Memory Error (allocation.cpp:389), pid=10584, tid=0x0000000000001644
#
# JRE version: OpenJDK Runtime Environment (8.0) (build 1.8.0-25-microsoft-b00)
# Java VM: OpenJDK 64-Bit Server VM (25.71-b00 mixed mode windows-amd64 compressed oops)
# Failed to write core dump. Minidumps are not enabled by default on client versions of Windows
#

---------------  T H R E A D  ---------------

Current thread (0x00000000155cc800):  JavaThread "C2 CompilerThread0" daemon [_thread_in_native, id=5700, stack(0x0000000016620000,0x0000000016720000)]

Stack: [0x0000000016620000,0x0000000016720000]
[error occurred during error reporting (printing stack bounds), id 0xc0000005]

Native frames: (J=compiled Java code, j=interpreted, Vv=VM code, C=native code)


Current CompileTask:
C2:  66000 4109       4       com.android.tools.r8.graph.H::a (1039 bytes)


---------------  P R O C E S S  ---------------

Java Threads: ( => current thread )
  0x0000000017820800 JavaThread "ForkJoinPool-1-worker-0" daemon [_thread_blocked, id=6384, stack(0x0000000017720000,0x0000000017820000)]
  0x0000000016d72000 JavaThread "ForkJoinPool-1-worker-1" daemon [_thread_blocked, id=9776, stack(0x0000000017620000,0x0000000017720000)]
  0x000000001563c800 JavaThread "Service Thread" daemon [_thread_blocked, id=7640, stack(0x0000000016820000,0x0000000016920000)]
  0x00000000155d0000 JavaThread "C1 CompilerThread1" daemon [_thread_blocked, id=7904, stack(0x0000000016720000,0x0000000016820000)]
=>0x00000000155cc800 JavaThread "C2 CompilerThread0" daemon [_thread_in_native, id=5700, stack(0x0000000016620000,0x0000000016720000)]
  0x00000000155d9800 JavaThread "Attach Listener" daemon [_thread_blocked, id=1900, stack(0x0000000016520000,0x0000000016620000)]
  0x00000000155d8000 JavaThread "Signal Dispatcher" daemon [_thread_blocked, id=2848, stack(0x0000000016420000,0x0000000016520000)]
  0x0000000003131000 JavaThread "Finalizer" daemon [_thread_blocked, id=536, stack(0x0000000016220000,0x0000000016320000)]
  0x00000000155b7000 JavaThread "Reference Handler" daemon [_thread_blocked, id=2316, stack(0x0000000016120000,0x0000000016220000)]
  0x0000000003042800 JavaThread "main" [_thread_blocked, id=11600, stack(0x0000000002f40000,0x0000000003040000)]

Other Threads:
  0x0000000015596000 VMThread [stack: 0x0000000016020000,0x0000000016120000] [id=3348]
  0x000000001563f800 WatcherThread [stack: 0x0000000016920000,0x0000000016a20000] [id=11480]

VM state:at safepoint (normal execution)

VM Mutex/Monitor currently owned by a thread:  ([mutex/lock_event])
[0x0000000000feda70] Threads_lock - owner thread: 0x0000000015596000
[0x0000000000fee5f0] Heap_lock - owner thread: 0x0000000017820800

heap address: 0x00000000c0000000, size: 1024 MB, Compressed Oops mode: 32-bit
Narrow klass base: 0x0000000000000000, Narrow klass shift: 3
Compressed class space size: 1073741824 Address: 0x0000000100000000

Heap:
 PSYoungGen      total 141824K, used 136167K [0x00000000eab00000, 0x00000000f8180000, 0x0000000100000000)
  eden space 119296K, 100% used [0x00000000eab00000,0x00000000f1f80000,0x00000000f1f80000)
  from space 22528K, 74% used [0x00000000f1f80000,0x00000000f2ff9c48,0x00000000f3580000)
  to   space 23552K, 0% used [0x00000000f6a80000,0x00000000f6a90000,0x00000000f8180000)
 ParOldGen       total 69120K, used 35580K [0x00000000c0000000, 0x00000000c4380000, 0x00000000eab00000)
  object space 69120K, 51% used [0x00000000c0000000,0x00000000c22bf178,0x00000000c4380000)
 Metaspace       used 15473K, capacity 16242K, committed 16512K, reserved 1062912K
  class space    used 1844K, capacity 2061K, committed 2176K, reserved 1048576K

Card table byte_map: [0x0000000012500000,0x0000000012710000] byte_map_base: 0x0000000011f00000

Marking Bits: (ParMarkBitMap*) 0x0000000054bd8f30
 Begin Bits: [0x0000000012a70000, 0x0000000013a70000)
 End Bits:   [0x0000000013a70000, 0x0000000014a70000)

Polling page: 0x0000000000fc0000

CodeCache: size=245760Kb used=15960Kb max_used=16469Kb free=229799Kb
 bounds [0x0000000003140000, 0x0000000004170000, 0x0000000012140000]
 total_blobs=3889 nmethods=3539 adapters=263
 compilation: enabled

Compilation events (10 events):
Event: 63.136 Thread 0x00000000155d0000 4135       2       com.android.tools.r8.ir.regalloc.i::e (67 bytes)
Event: 63.136 Thread 0x00000000155d0000 nmethod 4135 0x00000000036bcb90 code [0x00000000036bcd40, 0x00000000036bd0d8]
Event: 63.237 Thread 0x00000000155d0000 4136       1       com.android.tools.r8.ir.analysis.type.l::x (2 bytes)
Event: 63.237 Thread 0x00000000155d0000 nmethod 4136 0x00000000036bc8d0 code [0x00000000036bca20, 0x00000000036bcb30]
Event: 63.241 Thread 0x00000000155d0000 4137       2       com.android.tools.r8.graph.C::Z (49 bytes)
Event: 63.241 Thread 0x00000000155d0000 nmethod 4137 0x00000000036bc350 code [0x00000000036bc4c0, 0x00000000036bc748]
Event: 63.247 Thread 0x00000000155d0000 4138       2       com.android.tools.r8.s.a.a.b.f$i::<init> (46 bytes)
Event: 63.247 Thread 0x00000000155d0000 nmethod 4138 0x00000000036bbf50 code [0x00000000036bc0a0, 0x00000000036bc270]
Event: 63.247 Thread 0x00000000155d0000 4139       2       com.android.tools.r8.s.a.a.b.f$i::c (80 bytes)
Event: 63.251 Thread 0x00000000155d0000 nmethod 4139 0x00000000036bb7d0 code [0x00000000036bb980, 0x00000000036bbcd8]

GC Heap History (10 events):
Event: 19.031 GC heap before
{Heap before GC invocations=6 (full 0):
 PSYoungGen      total 35328K, used 35304K [0x00000000eab00000, 0x00000000f0900000, 0x0000000100000000)
  eden space 32768K, 100% used [0x00000000eab00000,0x00000000ecb00000,0x00000000ecb00000)
  from space 2560K, 99% used [0x00000000ecb00000,0x00000000ecd7a060,0x00000000ecd80000)
  to   space 15360K, 0% used [0x00000000efa00000,0x00000000efa00000,0x00000000f0900000)
 ParOldGen       total 44032K, used 26860K [0x00000000c0000000, 0x00000000c2b00000, 0x00000000eab00000)
  object space 44032K, 61% used [0x00000000c0000000,0x00000000c1a3b288,0x00000000c2b00000)
 Metaspace       used 8951K, capacity 9276K, committed 9344K, reserved 1056768K
  class space    used 1008K, capacity 1090K, committed 1152K, reserved 1048576K
Event: 19.346 GC heap after
Heap after GC invocations=6 (full 0):
 PSYoungGen      total 80384K, used 11207K [0x00000000eab00000, 0x00000000f0a00000, 0x0000000100000000)
  eden space 65024K, 0% used [0x00000000eab00000,0x00000000eab00000,0x00000000eea80000)
  from space 15360K, 72% used [0x00000000efa00000,0x00000000f04f1ea0,0x00000000f0900000)
  to   space 15872K, 0% used [0x00000000eea80000,0x00000000eea80000,0x00000000efa00000)
 ParOldGen       total 44032K, used 26860K [0x00000000c0000000, 0x00000000c2b00000, 0x00000000eab00000)
  object space 44032K, 61% used [0x00000000c0000000,0x00000000c1a3b288,0x00000000c2b00000)
 Metaspace       used 8951K, capacity 9276K, committed 9344K, reserved 1056768K
  class space    used 1008K, capacity 1090K, committed 1152K, reserved 1048576K
}
Event: 22.110 GC heap before
{Heap before GC invocations=7 (full 0):
 PSYoungGen      total 80384K, used 76231K [0x00000000eab00000, 0x00000000f0a00000, 0x0000000100000000)
  eden space 65024K, 100% used [0x00000000eab00000,0x00000000eea80000,0x00000000eea80000)
  from space 15360K, 72% used [0x00000000efa00000,0x00000000f04f1ea0,0x00000000f0900000)
  to   space 15872K, 0% used [0x00000000eea80000,0x00000000eea80000,0x00000000efa00000)
 ParOldGen       total 44032K, used 26860K [0x00000000c0000000, 0x00000000c2b00000, 0x00000000eab00000)
  object space 44032K, 61% used [0x00000000c0000000,0x00000000c1a3b288,0x00000000c2b00000)
 Metaspace       used 9436K, capacity 9770K, committed 9984K, reserved 1058816K
  class space    used 1069K, capacity 1163K, committed 1280K, reserved 1048576K
Event: 22.239 GC heap after
Heap after GC invocations=7 (full 0):
 PSYoungGen      total 80896K, used 15853K [0x00000000eab00000, 0x00000000f5900000, 0x0000000100000000)
  eden space 65024K, 0% used [0x00000000eab00000,0x00000000eab00000,0x00000000eea80000)
  from space 15872K, 99% used [0x00000000eea80000,0x00000000ef9fb5b0,0x00000000efa00000)
  to   space 24064K, 0% used [0x00000000f4180000,0x00000000f4180000,0x00000000f5900000)
 ParOldGen       total 44032K, used 36918K [0x00000000c0000000, 0x00000000c2b00000, 0x00000000eab00000)
  object space 44032K, 83% used [0x00000000c0000000,0x00000000c240d9b8,0x00000000c2b00000)
 Metaspace       used 9436K, capacity 9770K, committed 9984K, reserved 1058816K
  class space    used 1069K, capacity 1163K, committed 1280K, reserved 1048576K
}
Event: 22.257 GC heap before
{Heap before GC invocations=8 (full 1):
 PSYoungGen      total 80896K, used 15853K [0x00000000eab00000, 0x00000000f5900000, 0x0000000100000000)
  eden space 65024K, 0% used [0x00000000eab00000,0x00000000eab00000,0x00000000eea80000)
  from space 15872K, 99% used [0x00000000eea80000,0x00000000ef9fb5b0,0x00000000efa00000)
  to   space 24064K, 0% used [0x00000000f4180000,0x00000000f4180000,0x00000000f5900000)
 ParOldGen       total 44032K, used 36918K [0x00000000c0000000, 0x00000000c2b00000, 0x00000000eab00000)
  object space 44032K, 83% used [0x00000000c0000000,0x00000000c240d9b8,0x00000000c2b00000)
 Metaspace       used 9436K, capacity 9770K, committed 9984K, reserved 1058816K
  class space    used 1069K, capacity 1163K, committed 1280K, reserved 1048576K
Event: 22.749 GC heap after
Heap after GC invocations=8 (full 1):
 PSYoungGen      total 80896K, used 0K [0x00000000eab00000, 0x00000000f5900000, 0x0000000100000000)
  eden space 65024K, 0% used [0x00000000eab00000,0x00000000eab00000,0x00000000eea80000)
  from space 15872K, 0% used [0x00000000eea80000,0x00000000eea80000,0x00000000efa00000)
  to   space 24064K, 0% used [0x00000000f4180000,0x00000000f4180000,0x00000000f5900000)
 ParOldGen       total 69120K, used 35548K [0x00000000c0000000, 0x00000000c4380000, 0x00000000eab00000)
  object space 69120K, 51% used [0x00000000c0000000,0x00000000c22b7178,0x00000000c4380000)
 Metaspace       used 9428K, capacity 9752K, committed 9984K, reserved 1058816K
  class space    used 1066K, capacity 1158K, committed 1280K, reserved 1048576K
}
Event: 24.267 GC heap before
{Heap before GC invocations=9 (full 1):
 PSYoungGen      total 80896K, used 65024K [0x00000000eab00000, 0x00000000f5900000, 0x0000000100000000)
  eden space 65024K, 100% used [0x00000000eab00000,0x00000000eea80000,0x00000000eea80000)
  from space 15872K, 0% used [0x00000000eea80000,0x00000000eea80000,0x00000000efa00000)
  to   space 24064K, 0% used [0x00000000f4180000,0x00000000f4180000,0x00000000f5900000)
 ParOldGen       total 69120K, used 35548K [0x00000000c0000000, 0x00000000c4380000, 0x00000000eab00000)
  object space 69120K, 51% used [0x00000000c0000000,0x00000000c22b7178,0x00000000c4380000)
 Metaspace       used 9463K, capacity 9752K, committed 9984K, reserved 1058816K
  class space    used 1068K, capacity 1158K, committed 1280K, reserved 1048576K
Event: 24.296 GC heap after
Heap after GC invocations=9 (full 1):
 PSYoungGen      total 125952K, used 10064K [0x00000000eab00000, 0x00000000f4b80000, 0x0000000100000000)
  eden space 115712K, 0% used [0x00000000eab00000,0x00000000eab00000,0x00000000f1c00000)
  from space 10240K, 98% used [0x00000000f4180000,0x00000000f4b54140,0x00000000f4b80000)
  to   space 22528K, 0% used [0x00000000f1f80000,0x00000000f1f80000,0x00000000f3580000)
 ParOldGen       total 69120K, used 35556K [0x00000000c0000000, 0x00000000c4380000, 0x00000000eab00000)
  object space 69120K, 51% used [0x00000000c0000000,0x00000000c22b9178,0x00000000c4380000)
 Metaspace       used 9463K, capacity 9752K, committed 9984K, reserved 1058816K
  class space    used 1068K, capacity 1158K, committed 1280K, reserved 1048576K
}
Event: 42.248 GC heap before
{Heap before GC invocations=10 (full 1):
 PSYoungGen      total 125952K, used 125776K [0x00000000eab00000, 0x00000000f4b80000, 0x0000000100000000)
  eden space 115712K, 100% used [0x00000000eab00000,0x00000000f1c00000,0x00000000f1c00000)
  from space 10240K, 98% used [0x00000000f4180000,0x00000000f4b54140,0x00000000f4b80000)
  to   space 22528K, 0% used [0x00000000f1f80000,0x00000000f1f80000,0x00000000f3580000)
 ParOldGen       total 69120K, used 35556K [0x00000000c0000000, 0x00000000c4380000, 0x00000000eab00000)
  object space 69120K, 51% used [0x00000000c0000000,0x00000000c22b9178,0x00000000c4380000)
 Metaspace       used 15243K, capacity 15966K, committed 16128K, reserved 1062912K
  class space    used 1821K, capacity 2019K, committed 2048K, reserved 1048576K
Event: 45.481 GC heap after
Heap after GC invocations=10 (full 1):
 PSYoungGen      total 141824K, used 16871K [0x00000000eab00000, 0x00000000f8180000, 0x0000000100000000)
  eden space 119296K, 0% used [0x00000000eab00000,0x00000000eab00000,0x00000000f1f80000)
  from space 22528K, 74% used [0x00000000f1f80000,0x00000000f2ff9c48,0x00000000f3580000)
  to   space 23552K, 0% used [0x00000000f6a80000,0x00000000f6a80000,0x00000000f8180000)
 ParOldGen       total 69120K, used 35564K [0x00000000c0000000, 0x00000000c4380000, 0x00000000eab00000)
  object space 69120K, 51% used [0x00000000c0000000,0x00000000c22bb178,0x00000000c4380000)
 Metaspace       used 15243K, capacity 15966K, committed 16128K, reserved 1062912K
  class space    used 1821K, capacity 2019K, committed 2048K, reserved 1048576K
}

Deoptimization events (10 events):
Event: 52.169 Thread 0x0000000016d72000 Uncommon trap: reason=unstable_if action=reinterpret pc=0x0000000003f5dc18 method=com.android.tools.r8.ir.regalloc.a.f()I @ 100
Event: 52.170 Thread 0x0000000016d72000 Uncommon trap: reason=unstable_if action=reinterpret pc=0x0000000003dded24 method=com.android.tools.r8.ir.regalloc.a.c(I)Lcom/android/tools/r8/ir/regalloc/a; @ 141
Event: 52.170 Thread 0x0000000016d72000 Uncommon trap: reason=unstable_if action=reinterpret pc=0x0000000003d7f03c method=com.android.tools.r8.ir.regalloc.a.c(I)Lcom/android/tools/r8/ir/regalloc/a; @ 141
Event: 52.403 Thread 0x0000000016d72000 Uncommon trap: reason=unstable_if action=reinterpret pc=0x0000000003759624 method=com.android.tools.r8.v.a.a.a.f.e.equals(Ljava/lang/Object;)Z @ 33
Event: 52.403 Thread 0x0000000016d72000 Uncommon trap: reason=bimorphic action=maybe_recompile pc=0x0000000003f873a8 method=java.util.AbstractCollection.containsAll(Ljava/util/Collection;)Z @ 1
Event: 53.013 Thread 0x0000000017820800 Uncommon trap: reason=unstable_if action=reinterpret pc=0x0000000003df9628 method=com.android.tools.r8.ir.regalloc.a.x()Z @ 4
Event: 57.327 Thread 0x0000000017820800 Uncommon trap: reason=unstable_if action=reinterpret pc=0x000000000400c304 method=com.android.tools.r8.graph.e0.a(C)Z @ 15
Event: 61.742 Thread 0x0000000017820800 Uncommon trap: reason=class_check action=maybe_recompile pc=0x0000000003dab05c method=com.android.tools.r8.v.a.a.a.f.x0.putAll(Ljava/util/Map;)V @ 47
Event: 61.745 Thread 0x0000000017820800 Uncommon trap: reason=unstable_if action=reinterpret pc=0x0000000003a994e8 method=com.android.tools.r8.ir.regalloc.LinearScanRegisterAllocator.a(Lcom/android/tools/r8/u/b/d0;Lcom/android/tools/r8/ir/regalloc/LinearScanRegisterAllocator$b;)Z @ 75
Event: 62.560 Thread 0x0000000016d72000 Uncommon trap: reason=unstable_if action=reinterpret pc=0x000000000337967c method=java.lang.String.replace(CC)Ljava/lang/String; @ 26

Classes redefined (0 events):
No events

Internal exceptions (10 events):
Event: 15.974 Thread 0x0000000003042800 Exception <a 'java/security/PrivilegedActionException'> (0x00000000eb53c9f8) thrown at [D:\j\worksp~1\openjd~3\jdk8u\hotspot\src\share\vm\prims\jvm.cpp, line 1508]
Event: 15.974 Thread 0x0000000003042800 Exception <a 'java/security/PrivilegedActionException'> (0x00000000eb53cc08) thrown at [D:\j\worksp~1\openjd~3\jdk8u\hotspot\src\share\vm\prims\jvm.cpp, line 1508]
Event: 16.134 Thread 0x0000000003042800 Implicit null exception at 0x00000000033b35d4 to 0x00000000033b3f7d
Event: 16.405 Thread 0x0000000003042800 Implicit null exception at 0x00000000033ac76d to 0x00000000033acdb1
Event: 16.443 Thread 0x0000000003042800 Implicit null exception at 0x00000000033af738 to 0x00000000033afbd9
Event: 26.953 Thread 0x0000000016d72000 Exception <a 'java/lang/NoSuchMethodError': java.lang.Object.lambda$comparingInt$7b0bb60$1(Ljava/util/function/ToIntFunction;Ljava/lang/Object;Ljava/lang/Object;)I> (0x00000000ec0f9d18) thrown at [D:\j\worksp~1\openjd~3\jdk8u\hotspot\src\share\vm\interpre
Event: 26.953 Thread 0x0000000017820800 Exception <a 'java/lang/NoSuchMethodError': java.lang.Object.lambda$comparingInt$7b0bb60$1(Ljava/util/function/ToIntFunction;Ljava/lang/Object;Ljava/lang/Object;)I> (0x00000000ec1dd380) thrown at [D:\j\worksp~1\openjd~3\jdk8u\hotspot\src\share\vm\interpre
Event: 26.986 Thread 0x0000000017820800 Exception <a 'java/lang/NoSuchMethodError': java.lang.Object.lambda$maxBy$1(Ljava/util/Comparator;Ljava/lang/Object;Ljava/lang/Object;)Ljava/lang/Object;> (0x00000000ec1e9100) thrown at [D:\j\worksp~1\openjd~3\jdk8u\hotspot\src\share\vm\interpreter\linkRe
Event: 27.518 Thread 0x0000000017820800 Implicit null exception at 0x00000000035737b0 to 0x0000000003573891
Event: 45.715 Thread 0x0000000017820800 Implicit null exception at 0x0000000003e6e82c to 0x0000000003e6f0ad

Events (10 events):
Event: 62.648 Thread 0x0000000017820800 DEOPT PACKING pc=0x00000000040638fd sp=0x000000001781df70
Event: 62.648 Thread 0x0000000017820800 DEOPT UNPACKING pc=0x00000000031871d0 sp=0x000000001781e0a0 mode 0
Event: 62.738 Executing VM operation: RevokeBias
Event: 62.890 Executing VM operation: RevokeBias done
Event: 62.913 Thread 0x0000000017820800 DEOPT PACKING pc=0x0000000003fc476d sp=0x000000001781ddb0
Event: 62.913 Thread 0x0000000017820800 DEOPT UNPACKING pc=0x00000000031871d0 sp=0x000000001781de18 mode 0
Event: 62.929 loading class java/util/Comparators$NaturalOrderComparator
Event: 63.050 loading class java/util/Comparators$NaturalOrderComparator done
Event: 63.130 loading class com/android/tools/r8/v/a/a/a/f/V0
Event: 63.130 loading class com/android/tools/r8/v/a/a/a/f/V0 done


Dynamic libraries:
0x00007ff703aa0000 - 0x00007ff703ad5000 	C:\Program Files\Android\Jdk\microsoft_dist_openjdk_1.8.0.25\bin\java.exe
0x00007ffedb4e0000 - 0x00007ffedb6d0000 	C:\WINDOWS\SYSTEM32\ntdll.dll
0x00007ffedaad0000 - 0x00007ffedab82000 	C:\WINDOWS\System32\KERNEL32.DLL
0x00007ffed8950000 - 0x00007ffed8bf4000 	C:\WINDOWS\System32\KERNELBASE.dll
0x00007ffeda9c0000 - 0x00007ffedaa63000 	C:\WINDOWS\System32\ADVAPI32.dll
0x00007ffedabd0000 - 0x00007ffedac6e000 	C:\WINDOWS\System32\msvcrt.dll
0x00007ffed98d0000 - 0x00007ffed9967000 	C:\WINDOWS\System32\sechost.dll
0x00007ffedac70000 - 0x00007ffedad90000 	C:\WINDOWS\System32\RPCRT4.dll
0x00007ffed9680000 - 0x00007ffed9815000 	C:\WINDOWS\System32\USER32.dll
0x00007ffed8dd0000 - 0x00007ffed8df1000 	C:\WINDOWS\System32\win32u.dll
0x00007ffedaba0000 - 0x00007ffedabc6000 	C:\WINDOWS\System32\GDI32.dll
0x00007ffed8c30000 - 0x00007ffed8dc6000 	C:\WINDOWS\System32\gdi32full.dll
0x00007ffed85b0000 - 0x00007ffed864e000 	C:\WINDOWS\System32\msvcp_win.dll
0x00007ffed8700000 - 0x00007ffed87fa000 	C:\WINDOWS\System32\ucrtbase.dll
0x00007ffec5990000 - 0x00007ffec5c14000 	C:\WINDOWS\WinSxS\amd64_microsoft.windows.common-controls_6595b64144ccf1df_6.0.18362.1016_none_9e7a36bbe461dae4\COMCTL32.dll
0x00007ffed9db0000 - 0x00007ffeda0e5000 	C:\WINDOWS\System32\combase.dll
0x00007ffed8800000 - 0x00007ffed8880000 	C:\WINDOWS\System32\bcryptPrimitives.dll
0x00007ffedafa0000 - 0x00007ffedafce000 	C:\WINDOWS\System32\IMM32.DLL
0x0000000054c60000 - 0x0000000054d31000 	C:\Program Files\Android\Jdk\microsoft_dist_openjdk_1.8.0.25\jre\bin\msvcr100.dll
0x0000000054410000 - 0x0000000054c55000 	C:\Program Files\Android\Jdk\microsoft_dist_openjdk_1.8.0.25\jre\bin\server\jvm.dll
0x00007ffed9b40000 - 0x00007ffed9b48000 	C:\WINDOWS\System32\PSAPI.DLL
0x00007ffed5930000 - 0x00007ffed5939000 	C:\WINDOWS\SYSTEM32\WSOCK32.dll
0x00007ffed9c90000 - 0x00007ffed9cff000 	C:\WINDOWS\System32\WS2_32.dll
0x00007ffed5f50000 - 0x00007ffed5f74000 	C:\WINDOWS\SYSTEM32\WINMM.dll
0x00007ffece770000 - 0x00007ffece77a000 	C:\WINDOWS\SYSTEM32\VERSION.dll
0x00007ffed5f20000 - 0x00007ffed5f4d000 	C:\WINDOWS\SYSTEM32\WINMMBASE.dll
0x00007ffed8880000 - 0x00007ffed88ca000 	C:\WINDOWS\System32\cfgmgr32.dll
0x00007ffed4c60000 - 0x00007ffed4c6f000 	C:\Program Files\Android\Jdk\microsoft_dist_openjdk_1.8.0.25\jre\bin\verify.dll
0x00007ffecc660000 - 0x00007ffecc689000 	C:\Program Files\Android\Jdk\microsoft_dist_openjdk_1.8.0.25\jre\bin\java.dll
0x00007ffed14b0000 - 0x00007ffed14c6000 	C:\Program Files\Android\Jdk\microsoft_dist_openjdk_1.8.0.25\jre\bin\zip.dll
0x00007ffeda0f0000 - 0x00007ffeda7d7000 	C:\WINDOWS\System32\SHELL32.dll
0x00007ffed9d00000 - 0x00007ffed9da9000 	C:\WINDOWS\System32\shcore.dll
0x00007ffed8e00000 - 0x00007ffed9582000 	C:\WINDOWS\System32\windows.storage.dll
0x00007ffed83e0000 - 0x00007ffed8403000 	C:\WINDOWS\System32\profapi.dll
0x00007ffed8410000 - 0x00007ffed845a000 	C:\WINDOWS\System32\powrprof.dll
0x00007ffed8390000 - 0x00007ffed83a0000 	C:\WINDOWS\System32\UMPDC.dll
0x00007ffedad90000 - 0x00007ffedade2000 	C:\WINDOWS\System32\shlwapi.dll
0x00007ffed83c0000 - 0x00007ffed83d1000 	C:\WINDOWS\System32\kernel.appcore.dll
0x00007ffed8930000 - 0x00007ffed8947000 	C:\WINDOWS\System32\cryptsp.dll
0x00007ffecc640000 - 0x00007ffecc65a000 	C:\Program Files\Android\jdk\microsoft_dist_openjdk_1.8.0.25\jre\bin\net.dll
0x00007ffed7bf0000 - 0x00007ffed7c57000 	C:\WINDOWS\system32\mswsock.dll
0x00007ffecc620000 - 0x00007ffecc631000 	C:\Program Files\Android\jdk\microsoft_dist_openjdk_1.8.0.25\jre\bin\nio.dll

VM Arguments:
jvm_args: -Xmx1G 
java_command: com.android.tools.r8.D8 --debug --min-api 21 --output obj\Debug\90\android\bin\ --lib C:\Program Files (x86)\Android\android-sdk\platforms\android-28\android.jar obj\Debug\90\android\bin\classes.zip C:\Program Files (x86)\Microsoft Visual Studio\2019\Community\Common7\IDE\ReferenceAssemblies\Microsoft\Framework\MonoAndroid\v9.0\mono.android.jar C:\Program Files (x86)\Microsoft Visual Studio\2019\Community\MSBuild\Xamarin\Android\java_runtime_fastdev.jar obj\Debug\90\lp\0\jl\formsviewgroup.jar obj\Debug\90\lp\1\jl\android.arch.core.common.jar obj\Debug\90\lp\10\jl\bin\classes.jar obj\Debug\90\lp\11\jl\com.android.support.collections.jar obj\Debug\90\lp\12\jl\bin\classes.jar obj\Debug\90\lp\13\jl\bin\classes.jar obj\Debug\90\lp\14\jl\bin\classes.jar obj\Debug\90\lp\15\jl\bin\classes.jar obj\Debug\90\lp\16\jl\bin\classes.jar obj\Debug\90\lp\17\jl\bin\classes.jar obj\Debug\90\lp\18\jl\bin\classes.jar obj\Debug\90\lp\19\jl\bin\classes.jar obj\Debug\90\lp\2\jl\bin\classes.jar obj\Debug\90\lp\20\jl\bin\classes.jar obj\Debug\90\lp\21\jl\bin\classes.jar obj\Debug\90\lp\22\jl\bin\classes.jar obj\Debug\90\lp\23\jl\bin\classes.jar obj\Debug\90\lp\24\jl\bin\classes.jar obj\Debug\90\lp\25\jl\bin\classes.jar obj\Debug\90\lp\26\jl\bin\classes.jar obj\Debug\90\lp\27\jl\bin\classes.jar obj\Debug\90\lp\28\jl\bin\classes.jar obj\Debug\90\lp\29\jl\bin\classes.jar obj\Debug\90\lp\3\jl\android.arch.lifecycle.common.jar obj\Debug\90\lp\30\jl\bin\classes.jar obj\Debug\90\lp\32\jl\bin\classes.jar obj\Debug\90\lp\33\jl\bin\classes.jar obj\Debug\90\lp\34\jl\bin\classes.jar obj\Debug\90\lp\35\jl\bin\classes.jar obj\Debug\90\lp\36\jl\bin\classes.jar obj\Debug\90\lp\37\jl\bin\classes.jar obj\Debug\90\lp\4\jl\bin\classes.jar obj\Debug\90\lp\5\jl\bin\classes.jar obj\Debug\90\lp\6\jl\bin\classes.jar obj\Debug\90\lp\7\jl\bin\classes.jar obj\Debug\90\lp\8\jl\bin\classes.jar obj\Debug\90\lp\9\jl\com.android.support.support-annotations.jar
java_class_path (initial): C:\Program Files (x86)\Microsoft Visual Studio\2019\Community\MSBuild\Xamarin\Android\r8.jar
Launcher Type: SUN_STANDARD

Environment Variables:
PATH=C:\Program Files\Android\Jdk\microsoft_dist_openjdk_1.8.0.25\bin;C:\WINDOWS\system32;C:\WINDOWS;C:\WINDOWS\System32\Wbem;C:\WINDOWS\System32\WindowsPowerShell\v1.0\;C:\WINDOWS\System32\OpenSSH\;C:\Program Files\dotnet\;C:\Program Files\Git\cmd;C:\Program Files\Microsoft SQL Server\130\Tools\Binn\;C:\Program Files\Microsoft SQL Server\Client SDK\ODBC\170\Tools\Binn\;C:\Users\shbso\AppData\Local\Microsoft\WindowsApps;C:\Users\shbso\.dotnet\tools;
USERNAME=shbso
OS=Windows_NT
PROCESSOR_IDENTIFIER=Intel64 Family 6 Model 42 Stepping 7, GenuineIntel



---------------  S Y S T E M  ---------------

OS: Windows 10.0 , 64 bit Build 18362 (10.0.18362.959)

CPU:total 2 (initial active 2) (2 cores per cpu, 1 threads per core) family 6 model 42 stepping 7, cmov, cx8, fxsr, mmx, sse, sse2, sse3, ssse3, sse4.1, sse4.2, popcnt, clmul, tsc, tscinvbit

Memory: 4k page, physical 4073844k(186972k free), swap 8268148k(3756k free)

vm_info: OpenJDK 64-Bit Server VM (25.71-b00) for windows-amd64 JRE (1.8.0-25-microsoft-b00), built on Feb  7 2019 20:09:14 by "builder" with MS VC++ 10.0 (VS2010)

time: Wed Sep 02 02:41:16 2020
timezone: Bangladesh Standard Time
elapsed time: 67 seconds (0d 0h 1m 7s)

